Step: step-credential-initializer-slk7g:

{"level":"warn","ts":1566469438.347175,"logger":"fallback-logger","caller":"logging/config.go:69","msg":"Fetch GitHub commit ID from kodata failed: \"ref: refs/heads/master\" is not a valid GitHub commit ID"}
{"level":"info","ts":1566469438.3482883,"logger":"fallback-logger","caller":"creds-init/main.go:40","msg":"Credentials initialized."}
Step: step-working-dir-initializer-4lmnw:

{"level":"warn","ts":1566469439.135057,"logger":"fallback-logger","caller":"logging/config.go:69","msg":"Fetch GitHub commit ID from kodata failed: open /var/run/ko/HEAD: no such file or directory"}
{"level":"info","ts":1566469439.1366768,"logger":"fallback-logger","caller":"bash/main.go:65","msg":"Successfully executed command \"mkdir -p /workspace/source\""}
Step: step-place-tools:

Step: step-git-source-meta-********-environment-sword-vt2qs:

{"level":"warn","ts":1566469446.4817886,"logger":"fallback-logger","caller":"logging/config.go:69","msg":"Fetch GitHub commit ID from kodata failed: \"ref: refs/heads/master\" is not a valid GitHub commit ID"}
{"level":"info","ts":1566469449.1733744,"logger":"fallback-logger","caller":"git/git.go:102","msg":"Successfully cloned https://github.com/********/environment-swordpitch-staging.git @ b8293cc5a7aeabd6792fe33297f38653ef892a3c in path /workspace/source"}
Step: step-git-merge:

{"level":"info","msg":"Using SHAs from PULL_REFS=master:b8293cc5a7aeabd6792fe33297f38653ef892a3c","time":"2019-08-22T10:24:10Z"}
{"level":"warning","msg":"no SHAs to merge, falling back to initial cloned commit","time":"2019-08-22T10:24:10Z"}
Step: step-merge-pull-refs:

SKIP merge-pull-refs: Nothing to merge
Step: step-create-effective-pipeline:

{"level":"info","msg":"Deleting and cloning the Jenkins X versions repo","time":"2019-08-22T10:24:11Z"}
{"level":"info","msg":"Cloning the Jenkins X versions repo https://github.com/jenkins-x/jenkins-x-versions.git with ref refs/heads/master to /builder/home/.**/jenkins-x-versions","time":"2019-08-22T10:24:11Z"}
{"level":"info","msg":"selected pack: /builder/home/.**/draft/packs/github.com/jenkins-x-buildpacks/jenkins-x-kubernetes/packs/environment","time":"2019-08-22T10:24:17Z"}
{"level":"info","msg":"Effective pipeline written to jenkins-x-promotion-effective.yml","time":"2019-08-22T10:24:22Z"}
Step: step-create-tekton-crds:

{"level":"info","msg":"running command: ** step next-version --use-git-tag-only --tag","time":"2019-08-22T10:24:24Z"}
{"level":"info","msg":"created new version: 0.0.3 and written to file: ./VERSION","time":"2019-08-22T10:24:25Z"}
{"level":"info","msg":"Tag v0.0.3 created and pushed to remote origin","time":"2019-08-22T10:24:29Z"}
{"level":"info","msg":"","time":"2019-08-22T10:24:29Z"}
{"level":"info","msg":"PipelineActivity for ********-environment-swordpitch-staging-master-3","time":"2019-08-22T10:24:29Z"}
{"level":"info","msg":"Applying changes ","time":"2019-08-22T10:24:29Z"}
{"level":"info","msg":"upserted PipelineResource ********-environment-swordpitch for the git repository https://github.com/********/environment-swordpitch-staging.git and branch master","time":"2019-08-22T10:24:29Z"}
{"level":"info","msg":"upserted Task ********-environment-swordpitch-2p9f5-from-build-pack-3","time":"2019-08-22T10:24:29Z"}
{"level":"info","msg":"upserted Pipeline ********-environment-swordpitch-2p9f5-3","time":"2019-08-22T10:24:29Z"}
{"level":"info","msg":"created PipelineRun ********-environment-swordpitch-2p9f5-3","time":"2019-08-22T10:24:29Z"}
{"level":"info","msg":"created PipelineStructure ********-environment-swordpitch-2p9f5-3","time":"2019-08-22T10:24:29Z"}
